2021-04-15 13:18:37,019:WARNING:discord.gateway: Shard ID None voice heartbeat blocked for more than 10 seconds
Loop thread traceback (most recent call last):
  File "/home/timorams/PycharmProjects/neweeb/main.py", line 304, in <module>
    bot.run(loadconfig.__token__)
  File "/home/timorams/PycharmProjects/neweeb/venv/lib/python3.8/site-packages/discord/client.py", line 708, in run
    loop.run_forever()
  File "/usr/lib/python3.8/asyncio/base_events.py", line 570, in run_forever
    self._run_once()
  File "/usr/lib/python3.8/asyncio/base_events.py", line 1859, in _run_once
    handle._run()
  File "/usr/lib/python3.8/asyncio/events.py", line 81, in _run
    self._context.run(self._callback, *self._args)
  File "/home/timorams/PycharmProjects/neweeb/venv/lib/python3.8/site-packages/discord/client.py", line 697, in runner
    await self.start(*args, **kwargs)
  File "/home/timorams/PycharmProjects/neweeb/venv/lib/python3.8/site-packages/discord/client.py", line 661, in start
    await self.connect(reconnect=reconnect)
  File "/home/timorams/PycharmProjects/neweeb/venv/lib/python3.8/site-packages/discord/client.py", line 561, in connect
    await self.ws.poll_event()
  File "/home/timorams/PycharmProjects/neweeb/venv/lib/python3.8/site-packages/discord/gateway.py", line 564, in poll_event
    await self.received_message(msg.data)
  File "/home/timorams/PycharmProjects/neweeb/venv/lib/python3.8/site-packages/discord/gateway.py", line 427, in received_message
    msg = self._zlib.decompress(self._buffer)

2021-04-15 19:51:55,903:ERROR:discord.client: Attempting a reconnect in 0.04s
Traceback (most recent call last):
  File "/home/timorams/PycharmProjects/neweeb/venv/lib/python3.8/site-packages/discord/client.py", line 558, in connect
    self.ws = await asyncio.wait_for(coro, timeout=60.0)
  File "/usr/lib/python3.8/asyncio/tasks.py", line 498, in wait_for
    raise exceptions.TimeoutError()
asyncio.exceptions.TimeoutError
2021-04-15 22:32:11,118:WARNING:discord.gateway: Can't keep up, shard ID None websocket is 30.6s behind.
2021-04-15 22:34:41,747:WARNING:discord.gateway: Can't keep up, shard ID None websocket is 20.3s behind.
2021-04-15 22:50:44,112:WARNING:discord.gateway: Can't keep up, shard ID None websocket is 15.0s behind.
